# JRE version: OpenJDK Runtime Environment (17.0.6+10) (build 17.0.6+10-Ubuntu-0ubuntu120.04.1)
# Java VM: OpenJDK 64-Bit Server VM (17.0.6+10-Ubuntu-0ubuntu120.04.1, mixed mode, sharing, tiered, compressed oops, compressed class ptrs, g1 gc, linux-amd64)
GC Precious Log:
 CPUs: 4 total, 4 available
 Memory: 7824M
 Large Page Support: Disabled
 NUMA Support: Disabled
 Compressed Oops: Enabled (32-bit)
 Heap Region Size: 1M
 Heap Min Capacity: 8M
 Heap Initial Capacity: 124M
 Heap Max Capacity: 1958M
 Pre-touch: Disabled
 Parallel Workers: 4
 Concurrent Workers: 1
 Concurrent Refinement Workers: 4
 Periodic GC: Disabled
Heap:
 garbage-first heap   total 66560K, used 31007K [0x0000000085a00000, 0x0000000100000000)
  region size 1024K, 10 young (10240K), 4 survivors (4096K)
 Metaspace       used 58323K, committed 58752K, reserved 1105920K
  class space    used 8012K, committed 8192K, reserved 1048576K
GC Heap History (20 events):
Event: 3.290 GC heap before
{Heap before GC invocations=3 (full 0):
 garbage-first heap   total 129024K, used 49323K [0x0000000085a00000, 0x0000000100000000)
  region size 1024K, 43 young (44032K), 4 survivors (4096K)
 Metaspace       used 21215K, committed 21504K, reserved 1073152K
  class space    used 2665K, committed 2752K, reserved 1048576K
}
Event: 3.300 GC heap after
{Heap after GC invocations=4 (full 0):
 garbage-first heap   total 129024K, used 13481K [0x0000000085a00000, 0x0000000100000000)
  region size 1024K, 7 young (7168K), 7 survivors (7168K)
 Metaspace       used 21215K, committed 21504K, reserved 1073152K
  class space    used 2665K, committed 2752K, reserved 1048576K
}
Event: 4.150 GC heap before
{Heap before GC invocations=5 (full 0):
 garbage-first heap   total 55296K, used 39081K [0x0000000085a00000, 0x0000000100000000)
  region size 1024K, 32 young (32768K), 7 survivors (7168K)
 Metaspace       used 27065K, committed 27392K, reserved 1081344K
  class space    used 3442K, committed 3584K, reserved 1048576K
}
Event: 4.172 GC heap after
{Heap after GC invocations=6 (full 0):
 garbage-first heap   total 55296K, used 16126K [0x0000000085a00000, 0x0000000100000000)
  region size 1024K, 3 young (3072K), 3 survivors (3072K)
 Metaspace       used 27065K, committed 27392K, reserved 1081344K
  class space    used 3442K, committed 3584K, reserved 1048576K
}
Event: 4.212 GC heap before
{Heap before GC invocations=6 (full 0):
 garbage-first heap   total 55296K, used 17150K [0x0000000085a00000, 0x0000000100000000)
  region size 1024K, 4 young (4096K), 3 survivors (3072K)
 Metaspace       used 27310K, committed 27648K, reserved 1081344K
  class space    used 3475K, committed 3648K, reserved 1048576K
}
Event: 4.219 GC heap after
{Heap after GC invocations=7 (full 0):
 garbage-first heap   total 66560K, used 17035K [0x0000000085a00000, 0x0000000100000000)
  region size 1024K, 1 young (1024K), 1 survivors (1024K)
 Metaspace       used 27310K, committed 27648K, reserved 1081344K
  class space    used 3475K, committed 3648K, reserved 1048576K
}
Event: 4.931 GC heap before
{Heap before GC invocations=7 (full 0):
 garbage-first heap   total 66560K, used 45707K [0x0000000085a00000, 0x0000000100000000)
  region size 1024K, 29 young (29696K), 1 survivors (1024K)
 Metaspace       used 33812K, committed 34240K, reserved 1081344K
  class space    used 4464K, committed 4672K, reserved 1048576K
}
Event: 4.938 GC heap after
{Heap after GC invocations=8 (full 0):
 garbage-first heap   total 66560K, used 18390K [0x0000000085a00000, 0x0000000100000000)
  region size 1024K, 2 young (2048K), 2 survivors (2048K)
 Metaspace       used 33812K, committed 34240K, reserved 1081344K
  class space    used 4464K, committed 4672K, reserved 1048576K
}
Event: 5.047 GC heap before
{Heap before GC invocations=8 (full 0):
 garbage-first heap   total 66560K, used 22486K [0x0000000085a00000, 0x0000000100000000)
  region size 1024K, 7 young (7168K), 2 survivors (2048K)
 Metaspace       used 35562K, committed 35968K, reserved 1081344K
  class space    used 4659K, committed 4864K, reserved 1048576K
}
Event: 5.055 GC heap after
{Heap after GC invocations=9 (full 0):
 garbage-first heap   total 66560K, used 18901K [0x0000000085a00000, 0x0000000100000000)
  region size 1024K, 3 young (3072K), 3 survivors (3072K)
 Metaspace       used 35562K, committed 35968K, reserved 1081344K
  class space    used 4659K, committed 4864K, reserved 1048576K
}
Event: 5.756 GC heap before
{Heap before GC invocations=10 (full 0):
 garbage-first heap   total 66560K, used 48597K [0x0000000085a00000, 0x0000000100000000)
  region size 1024K, 32 young (32768K), 3 survivors (3072K)
 Metaspace       used 44021K, committed 44480K, reserved 1089536K
  class space    used 5944K, committed 6144K, reserved 1048576K
}
Event: 5.765 GC heap after
{Heap after GC invocations=11 (full 0):
 garbage-first heap   total 66560K, used 21005K [0x0000000085a00000, 0x0000000100000000)
  region size 1024K, 3 young (3072K), 3 survivors (3072K)
 Metaspace       used 44021K, committed 44480K, reserved 1089536K
  class space    used 5944K, committed 6144K, reserved 1048576K
}
Event: 6.443 GC heap before
{Heap before GC invocations=12 (full 0):
 garbage-first heap   total 66560K, used 49677K [0x0000000085a00000, 0x0000000100000000)
  region size 1024K, 31 young (31744K), 3 survivors (3072K)
 Metaspace       used 50075K, committed 50496K, reserved 1097728K
  class space    used 6858K, committed 7040K, reserved 1048576K
}
Event: 6.453 GC heap after
{Heap after GC invocations=13 (full 0):
 garbage-first heap   total 66560K, used 22538K [0x0000000085a00000, 0x0000000100000000)
  region size 1024K, 2 young (2048K), 2 survivors (2048K)
 Metaspace       used 50075K, committed 50496K, reserved 1097728K
  class space    used 6858K, committed 7040K, reserved 1048576K
}
Event: 6.512 GC heap before
{Heap before GC invocations=13 (full 0):
 garbage-first heap   total 66560K, used 23562K [0x0000000085a00000, 0x0000000100000000)
  region size 1024K, 3 young (3072K), 2 survivors (2048K)
 Metaspace       used 50193K, committed 50624K, reserved 1097728K
  class space    used 6890K, committed 7104K, reserved 1048576K
}
Event: 6.518 GC heap after
{Heap after GC invocations=14 (full 0):
 garbage-first heap   total 66560K, used 22234K [0x0000000085a00000, 0x0000000100000000)
  region size 1024K, 1 young (1024K), 1 survivors (1024K)
 Metaspace       used 50193K, committed 50624K, reserved 1097728K
  class space    used 6890K, committed 7104K, reserved 1048576K
}
Event: 7.135 GC heap before
{Heap before GC invocations=14 (full 0):
 garbage-first heap   total 66560K, used 49882K [0x0000000085a00000, 0x0000000100000000)
  region size 1024K, 28 young (28672K), 1 survivors (1024K)
 Metaspace       used 53706K, committed 54144K, reserved 1097728K
  class space    used 7373K, committed 7616K, reserved 1048576K
}
Event: 7.141 GC heap after
{Heap after GC invocations=15 (full 0):
 garbage-first heap   total 66560K, used 23928K [0x0000000085a00000, 0x0000000100000000)
  region size 1024K, 2 young (2048K), 2 survivors (2048K)
 Metaspace       used 53706K, committed 54144K, reserved 1097728K
  class space    used 7373K, committed 7616K, reserved 1048576K
}
Event: 17.530 GC heap before
{Heap before GC invocations=15 (full 0):
 garbage-first heap   total 66560K, used 50552K [0x0000000085a00000, 0x0000000100000000)
  region size 1024K, 28 young (28672K), 2 survivors (2048K)
 Metaspace       used 56857K, committed 57280K, reserved 1105920K
  class space    used 7807K, committed 8000K, reserved 1048576K
}
Event: 17.535 GC heap after
{Heap after GC invocations=16 (full 0):
 garbage-first heap   total 66560K, used 25887K [0x0000000085a00000, 0x0000000100000000)
  region size 1024K, 4 young (4096K), 4 survivors (4096K)
 Metaspace       used 56857K, committed 57280K, reserved 1105920K
  class space    used 7807K, committed 8000K, reserved 1048576K
}

